<?xml version="1.0" encoding="UTF-8"?>
<!-- Generated by org.testng.reporters.JUnitReportReporter -->
<testsuite hostname="DESKTOP-AP4JK8A" failures="0" tests="1" name="com.BankApplication.testCases.TC_LoginTest_001" time="6.295" errors="0" timestamp="2024-01-08T00:27:39 IST" skipped="0">
  <testcase classname="com.BankApplication.testCases.TC_LoginTest_001" name="loginTest" time="6.295"/>
  <system-out/>
</testsuite> <!-- com.BankApplication.testCases.TC_LoginTest_001 -->
